# JRE version: Java(TM) SE Runtime Environment (17.0.8+9) (build 17.0.8+9-LTS-211)
# Java VM: Java HotSpot(TM) 64-Bit Server VM (17.0.8+9-LTS-211, mixed mode, emulated-client, sharing, tiered, compressed oops, compressed class ptrs, g1 gc, windows-amd64)
GC Precious Log:
 CPUs: 8 total, 8 available
 Memory: 16026M
 Large Page Support: Disabled
 NUMA Support: Disabled
 Compressed Oops: Enabled (Zero based)
 Heap Region Size: 2M
 Heap Min Capacity: 8M
 Heap Initial Capacity: 252M
 Heap Max Capacity: 4008M
 Pre-touch: Disabled
 Parallel Workers: 8
 Concurrent Workers: 2
 Concurrent Refinement Workers: 8
 Periodic GC: Disabled
Heap:
 garbage-first heap   total 102400K, used 55631K [0x0000000705800000, 0x0000000800000000)
  region size 2048K, 3 young (6144K), 2 survivors (4096K)
 Metaspace       used 86863K, committed 87552K, reserved 1179648K
  class space    used 12827K, committed 13184K, reserved 1048576K
GC Heap History (20 events):
Event: 27.400 GC heap before
{Heap before GC invocations=29 (full 0):
 garbage-first heap   total 81920K, used 62778K [0x0000000705800000, 0x0000000800000000)
  region size 2048K, 13 young (26624K), 2 survivors (4096K)
 Metaspace       used 78883K, committed 79552K, reserved 1179648K
  class space    used 11582K, committed 11904K, reserved 1048576K
}
Event: 27.403 GC heap after
{Heap after GC invocations=30 (full 0):
 garbage-first heap   total 81920K, used 42574K [0x0000000705800000, 0x0000000800000000)
  region size 2048K, 1 young (2048K), 1 survivors (2048K)
 Metaspace       used 78883K, committed 79552K, reserved 1179648K
  class space    used 11582K, committed 11904K, reserved 1048576K
}
Event: 27.934 GC heap before
{Heap before GC invocations=31 (full 0):
 garbage-first heap   total 81920K, used 67150K [0x0000000705800000, 0x0000000800000000)
  region size 2048K, 13 young (26624K), 1 survivors (2048K)
 Metaspace       used 79861K, committed 80448K, reserved 1179648K
  class space    used 11700K, committed 11968K, reserved 1048576K
}
Event: 27.939 GC heap after
{Heap after GC invocations=32 (full 0):
 garbage-first heap   total 81920K, used 43873K [0x0000000705800000, 0x0000000800000000)
  region size 2048K, 2 young (4096K), 2 survivors (4096K)
 Metaspace       used 79861K, committed 80448K, reserved 1179648K
  class space    used 11700K, committed 11968K, reserved 1048576K
}
Event: 28.429 GC heap before
{Heap before GC invocations=32 (full 0):
 garbage-first heap   total 81920K, used 66401K [0x0000000705800000, 0x0000000800000000)
  region size 2048K, 13 young (26624K), 2 survivors (4096K)
 Metaspace       used 80330K, committed 81024K, reserved 1179648K
  class space    used 11779K, committed 12096K, reserved 1048576K
}
Event: 28.434 GC heap after
{Heap after GC invocations=33 (full 0):
 garbage-first heap   total 81920K, used 45376K [0x0000000705800000, 0x0000000800000000)
  region size 2048K, 2 young (4096K), 2 survivors (4096K)
 Metaspace       used 80330K, committed 81024K, reserved 1179648K
  class space    used 11779K, committed 12096K, reserved 1048576K
}
Event: 29.403 GC heap before
{Heap before GC invocations=34 (full 0):
 garbage-first heap   total 90112K, used 63808K [0x0000000705800000, 0x0000000800000000)
  region size 2048K, 11 young (22528K), 2 survivors (4096K)
 Metaspace       used 81703K, committed 82496K, reserved 1179648K
  class space    used 11979K, committed 12352K, reserved 1048576K
}
Event: 29.411 GC heap after
{Heap after GC invocations=35 (full 0):
 garbage-first heap   total 90112K, used 46519K [0x0000000705800000, 0x0000000800000000)
  region size 2048K, 2 young (4096K), 2 survivors (4096K)
 Metaspace       used 81703K, committed 82496K, reserved 1179648K
  class space    used 11979K, committed 12352K, reserved 1048576K
}
Event: 30.350 GC heap before
{Heap before GC invocations=35 (full 0):
 garbage-first heap   total 90112K, used 71095K [0x0000000705800000, 0x0000000800000000)
  region size 2048K, 14 young (28672K), 2 survivors (4096K)
 Metaspace       used 82415K, committed 83136K, reserved 1179648K
  class space    used 12066K, committed 12416K, reserved 1048576K
}
Event: 30.356 GC heap after
{Heap after GC invocations=36 (full 0):
 garbage-first heap   total 90112K, used 47976K [0x0000000705800000, 0x0000000800000000)
  region size 2048K, 2 young (4096K), 2 survivors (4096K)
 Metaspace       used 82415K, committed 83136K, reserved 1179648K
  class space    used 12066K, committed 12416K, reserved 1048576K
}
Event: 31.161 GC heap before
{Heap before GC invocations=37 (full 0):
 garbage-first heap   total 92160K, used 72552K [0x0000000705800000, 0x0000000800000000)
  region size 2048K, 14 young (28672K), 2 survivors (4096K)
 Metaspace       used 83887K, committed 84608K, reserved 1179648K
  class space    used 12310K, committed 12672K, reserved 1048576K
}
Event: 31.168 GC heap after
{Heap after GC invocations=38 (full 0):
 garbage-first heap   total 92160K, used 49806K [0x0000000705800000, 0x0000000800000000)
  region size 2048K, 2 young (4096K), 2 survivors (4096K)
 Metaspace       used 83887K, committed 84608K, reserved 1179648K
  class space    used 12310K, committed 12672K, reserved 1048576K
}
Event: 31.625 GC heap before
{Heap before GC invocations=38 (full 0):
 garbage-first heap   total 92160K, used 72334K [0x0000000705800000, 0x0000000800000000)
  region size 2048K, 13 young (26624K), 2 survivors (4096K)
 Metaspace       used 84447K, committed 85120K, reserved 1179648K
  class space    used 12418K, committed 12736K, reserved 1048576K
}
Event: 31.630 GC heap after
{Heap after GC invocations=39 (full 0):
 garbage-first heap   total 92160K, used 50955K [0x0000000705800000, 0x0000000800000000)
  region size 2048K, 2 young (4096K), 2 survivors (4096K)
 Metaspace       used 84447K, committed 85120K, reserved 1179648K
  class space    used 12418K, committed 12736K, reserved 1048576K
}
Event: 32.161 GC heap before
{Heap before GC invocations=40 (full 0):
 garbage-first heap   total 102400K, used 73483K [0x0000000705800000, 0x0000000800000000)
  region size 2048K, 13 young (26624K), 2 survivors (4096K)
 Metaspace       used 84835K, committed 85632K, reserved 1179648K
  class space    used 12498K, committed 12864K, reserved 1048576K
}
Event: 32.166 GC heap after
{Heap after GC invocations=41 (full 0):
 garbage-first heap   total 102400K, used 52128K [0x0000000705800000, 0x0000000800000000)
  region size 2048K, 2 young (4096K), 2 survivors (4096K)
 Metaspace       used 84835K, committed 85632K, reserved 1179648K
  class space    used 12498K, committed 12864K, reserved 1048576K
}
Event: 33.277 GC heap before
{Heap before GC invocations=41 (full 0):
 garbage-first heap   total 102400K, used 80800K [0x0000000705800000, 0x0000000800000000)
  region size 2048K, 16 young (32768K), 2 survivors (4096K)
 Metaspace       used 85894K, committed 86656K, reserved 1179648K
  class space    used 12656K, committed 12992K, reserved 1048576K
}
Event: 33.287 GC heap after
{Heap after GC invocations=42 (full 0):
 garbage-first heap   total 102400K, used 53805K [0x0000000705800000, 0x0000000800000000)
  region size 2048K, 2 young (4096K), 2 survivors (4096K)
 Metaspace       used 85894K, committed 86656K, reserved 1179648K
  class space    used 12656K, committed 12992K, reserved 1048576K
}
Event: 35.222 GC heap before
{Heap before GC invocations=43 (full 0):
 garbage-first heap   total 102400K, used 82477K [0x0000000705800000, 0x0000000800000000)
  region size 2048K, 16 young (32768K), 2 survivors (4096K)
 Metaspace       used 86752K, committed 87488K, reserved 1179648K
  class space    used 12813K, committed 13184K, reserved 1048576K
}
Event: 35.232 GC heap after
{Heap after GC invocations=44 (full 0):
 garbage-first heap   total 102400K, used 55631K [0x0000000705800000, 0x0000000800000000)
  region size 2048K, 2 young (4096K), 2 survivors (4096K)
 Metaspace       used 86752K, committed 87488K, reserved 1179648K
  class space    used 12813K, committed 13184K, reserved 1048576K
}

